SF:lib/features/news_app_basic_feature/data/models/article.dart
DA:4,3
DA:12,2
DA:13,2
DA:14,2
DA:15,2
DA:16,2
DA:17,2
DA:18,2
DA:19,2
LF:9
LH:9
end_of_record
SF:lib/features/news_app_basic_feature/domain/entities/article_entities.dart
DA:11,4
DA:14,2
DA:15,14
LF:3
LH:3
end_of_record
SF:lib/features/news_app_basic_feature/data/data_sources/remote_data_source.dart
DA:15,1
DA:21,1
DA:23,2
DA:24,2
DA:27,1
DA:28,5
DA:30,0
DA:33,2
LF:8
LH:7
end_of_record
SF:lib/features/news_app_basic_feature/domain/usecase/get_list_of_article_use_case.dart
DA:9,1
DA:12,1
DA:14,2
LF:3
LH:3
end_of_record
SF:lib/features/news_app_basic_feature/presenter/bloc/latest_news_list_page_bloc/latest_news_list_bloc.dart
DA:9,3
DA:10,1
DA:11,0
DA:12,0
DA:13,0
LF:5
LH:2
end_of_record
SF:lib/features/news_app_basic_feature/presenter/bloc/latest_news_list_page_bloc/latest_news_list_events.dart
DA:4,0
DA:5,0
LF:2
LH:0
end_of_record
SF:lib/features/news_app_basic_feature/presenter/bloc/latest_news_list_page_bloc/latest_news_list_states.dart
DA:5,1
DA:6,1
DA:16,0
DA:18,0
DA:19,0
DA:25,0
DA:26,0
DA:28,0
DA:29,0
LF:9
LH:2
end_of_record
SF:lib/features/news_app_basic_feature/data/repository_impl/repository_impl.dart
DA:9,1
DA:11,1
DA:14,2
DA:15,1
DA:17,0
LF:5
LH:4
end_of_record
